00000000 0000000a000000140000001e0000002800000032
00000014 0013
00000016 005a00140013
0000001c 00270026002700270026
00000026 0000000a000000140000001e00000028000000320000003c00000046000000500000005a00000064000000c80000012c00000190000001f400000258000002bc00000320000003840000271000004e20000493e000061a80182492c2
00000000 7B00000000
00000005 7B00000000
0000000a 7B00000000
0000000f 8A000000000000000a
00000018 5E0000000000000000
00000021 8A0000000000000000
0000002a 7B0000000e
0000002f 7B0000000d
00000034 7B0000000b
00000039 7B0000000c
0000003e 9D0000000b
00000043 9D00000016
00000048 7B0000001c
0000004d 6Efffffffb
00000052 7B00000016
00000057 7B0000000b
0000005c 8C0000000d
00000061 8C0000000e
00000066 6E0
0000006b 8A0000000000000016
00000074 5E0000000000000016
